{"C:\\Users\\BRIDGE CREDIT LTD\\Desktop\\febuary2023\\Khaleed file\\todoList\\To-Do-list\\src\\module\\addremove.js": {"path":"C:\\Users\\BRIDGE CREDIT LTD\\Desktop\\febuary2023\\Khaleed file\\todoList\\To-Do-list\\src\\module\\addremove.js","statementMap":{"0":{"start":{"line":3,"column":12},"end":{"line":14,"column":1}},"1":{"start":{"line":4,"column":18},"end":{"line":4,"column":52}},"2":{"start":{"line":5,"column":2},"end":{"line":12,"column":3}},"3":{"start":{"line":6,"column":23},"end":{"line":6,"column":75}},"4":{"start":{"line":7,"column":4},"end":{"line":7,"column":70}},"5":{"start":{"line":8,"column":4},"end":{"line":10,"column":5}},"6":{"start":{"line":8,"column":17},"end":{"line":8,"column":18}},"7":{"start":{"line":9,"column":6},"end":{"line":9,"column":34}},"8":{"start":{"line":11,"column":4},"end":{"line":11,"column":67}},"9":{"start":{"line":13,"column":2},"end":{"line":13,"column":21}},"10":{"start":{"line":16,"column":15},"end":{"line":28,"column":1}},"11":{"start":{"line":17,"column":21},"end":{"line":17,"column":73}},"12":{"start":{"line":19,"column":2},"end":{"line":27,"column":3}},"13":{"start":{"line":20,"column":4},"end":{"line":20,"column":32}},"14":{"start":{"line":22,"column":4},"end":{"line":24,"column":5}},"15":{"start":{"line":22,"column":17},"end":{"line":22,"column":18}},"16":{"start":{"line":23,"column":6},"end":{"line":23,"column":34}},"17":{"start":{"line":26,"column":4},"end":{"line":26,"column":67}},"18":{"start":{"line":30,"column":13},"end":{"line":37,"column":1}},"19":{"start":{"line":31,"column":21},"end":{"line":31,"column":73}},"20":{"start":{"line":32,"column":21},"end":{"line":32,"column":61}},"21":{"start":{"line":33,"column":2},"end":{"line":36,"column":5}},"22":{"start":{"line":34,"column":4},"end":{"line":34,"column":60}},"23":{"start":{"line":35,"column":4},"end":{"line":35,"column":67}},"24":{"start":{"line":39,"column":13},"end":{"line":48,"column":1}},"25":{"start":{"line":40,"column":21},"end":{"line":40,"column":73}},"26":{"start":{"line":41,"column":21},"end":{"line":41,"column":42}},"27":{"start":{"line":42,"column":2},"end":{"line":42,"column":34}},"28":{"start":{"line":43,"column":2},"end":{"line":43,"column":44}},"29":{"start":{"line":44,"column":2},"end":{"line":46,"column":3}},"30":{"start":{"line":44,"column":15},"end":{"line":44,"column":16}},"31":{"start":{"line":45,"column":4},"end":{"line":45,"column":32}},"32":{"start":{"line":47,"column":2},"end":{"line":47,"column":65}},"33":{"start":{"line":52,"column":15},"end":{"line":79,"column":1}},"34":{"start":{"line":53,"column":25},"end":{"line":53,"column":66}},"35":{"start":{"line":54,"column":21},"end":{"line":54,"column":73}},"36":{"start":{"line":55,"column":2},"end":{"line":55,"column":47}},"37":{"start":{"line":55,"column":28},"end":{"line":55,"column":45}},"38":{"start":{"line":56,"column":2},"end":{"line":56,"column":32}},"39":{"start":{"line":58,"column":16},"end":{"line":58,"column":18}},"40":{"start":{"line":59,"column":15},"end":{"line":59,"column":17}},"41":{"start":{"line":60,"column":2},"end":{"line":78,"column":3}},"42":{"start":{"line":60,"column":15},"end":{"line":60,"column":16}},"43":{"start":{"line":61,"column":4},"end":{"line":67,"column":5}},"44":{"start":{"line":62,"column":6},"end":{"line":62,"column":26}},"45":{"start":{"line":63,"column":6},"end":{"line":63,"column":32}},"46":{"start":{"line":65,"column":6},"end":{"line":65,"column":19}},"47":{"start":{"line":66,"column":6},"end":{"line":66,"column":18}},"48":{"start":{"line":68,"column":17},"end":{"line":76,"column":5}},"49":{"start":{"line":77,"column":4},"end":{"line":77,"column":37}},"50":{"start":{"line":85,"column":0},"end":{"line":85,"column":49}}},"fnMap":{"0":{"name":"(anonymous_0)","decl":{"start":{"line":3,"column":12},"end":{"line":3,"column":13}},"loc":{"start":{"line":3,"column":18},"end":{"line":14,"column":1}},"line":3},"1":{"name":"(anonymous_1)","decl":{"start":{"line":16,"column":15},"end":{"line":16,"column":16}},"loc":{"start":{"line":16,"column":26},"end":{"line":28,"column":1}},"line":16},"2":{"name":"(anonymous_2)","decl":{"start":{"line":30,"column":13},"end":{"line":30,"column":14}},"loc":{"start":{"line":30,"column":24},"end":{"line":37,"column":1}},"line":30},"3":{"name":"(anonymous_3)","decl":{"start":{"line":33,"column":47},"end":{"line":33,"column":48}},"loc":{"start":{"line":33,"column":53},"end":{"line":36,"column":3}},"line":33},"4":{"name":"(anonymous_4)","decl":{"start":{"line":39,"column":13},"end":{"line":39,"column":14}},"loc":{"start":{"line":39,"column":37},"end":{"line":48,"column":1}},"line":39},"5":{"name":"(anonymous_5)","decl":{"start":{"line":52,"column":15},"end":{"line":52,"column":16}},"loc":{"start":{"line":52,"column":21},"end":{"line":79,"column":1}},"line":52},"6":{"name":"(anonymous_6)","decl":{"start":{"line":55,"column":18},"end":{"line":55,"column":19}},"loc":{"start":{"line":55,"column":28},"end":{"line":55,"column":45}},"line":55}},"branchMap":{"0":{"loc":{"start":{"line":5,"column":2},"end":{"line":12,"column":3}},"type":"if","locations":[{"start":{"line":5,"column":2},"end":{"line":12,"column":3}},{"start":{},"end":{}}],"line":5},"1":{"loc":{"start":{"line":6,"column":23},"end":{"line":6,"column":75}},"type":"binary-expr","locations":[{"start":{"line":6,"column":23},"end":{"line":6,"column":69}},{"start":{"line":6,"column":73},"end":{"line":6,"column":75}}],"line":6},"2":{"loc":{"start":{"line":17,"column":21},"end":{"line":17,"column":73}},"type":"binary-expr","locations":[{"start":{"line":17,"column":21},"end":{"line":17,"column":67}},{"start":{"line":17,"column":71},"end":{"line":17,"column":73}}],"line":17},"3":{"loc":{"start":{"line":19,"column":2},"end":{"line":27,"column":3}},"type":"if","locations":[{"start":{"line":19,"column":2},"end":{"line":27,"column":3}},{"start":{},"end":{}}],"line":19},"4":{"loc":{"start":{"line":19,"column":6},"end":{"line":19,"column":45}},"type":"binary-expr","locations":[{"start":{"line":19,"column":6},"end":{"line":19,"column":16}},{"start":{"line":19,"column":20},"end":{"line":19,"column":45}}],"line":19},"5":{"loc":{"start":{"line":31,"column":21},"end":{"line":31,"column":73}},"type":"binary-expr","locations":[{"start":{"line":31,"column":21},"end":{"line":31,"column":67}},{"start":{"line":31,"column":71},"end":{"line":31,"column":73}}],"line":31},"6":{"loc":{"start":{"line":40,"column":21},"end":{"line":40,"column":73}},"type":"binary-expr","locations":[{"start":{"line":40,"column":21},"end":{"line":40,"column":67}},{"start":{"line":40,"column":71},"end":{"line":40,"column":73}}],"line":40},"7":{"loc":{"start":{"line":54,"column":21},"end":{"line":54,"column":73}},"type":"binary-expr","locations":[{"start":{"line":54,"column":21},"end":{"line":54,"column":67}},{"start":{"line":54,"column":71},"end":{"line":54,"column":73}}],"line":54},"8":{"loc":{"start":{"line":61,"column":4},"end":{"line":67,"column":5}},"type":"if","locations":[{"start":{"line":61,"column":4},"end":{"line":67,"column":5}},{"start":{"line":64,"column":11},"end":{"line":67,"column":5}}],"line":61}},"s":{"0":1,"1":4,"2":4,"3":1,"4":1,"5":1,"6":1,"7":1,"8":1,"9":4,"10":1,"11":0,"12":0,"13":0,"14":0,"15":0,"16":0,"17":0,"18":1,"19":0,"20":0,"21":0,"22":0,"23":0,"24":1,"25":0,"26":0,"27":0,"28":0,"29":0,"30":0,"31":0,"32":0,"33":1,"34":0,"35":0,"36":0,"37":0,"38":0,"39":0,"40":0,"41":0,"42":0,"43":0,"44":0,"45":0,"46":0,"47":0,"48":0,"49":0,"50":1},"f":{"0":4,"1":0,"2":0,"3":0,"4":0,"5":0,"6":0},"b":{"0":[1,3],"1":[1,1],"2":[0,0],"3":[0,0],"4":[0,0],"5":[0,0],"6":[0,0],"7":[0,0],"8":[0,0]},"_coverageSchema":"1a1c01bbd47fc00a2c39e90264f33305004495a9","hash":"97a6cef59485be7704a55bb64edb1cc1a7d76e70"}
}
