{"C:\\Users\\BRIDGE CREDIT LTD\\Desktop\\febuary2023\\Khaleed file\\todoList\\To-Do-list\\src\\module\\addremove.js": {"path":"C:\\Users\\BRIDGE CREDIT LTD\\Desktop\\febuary2023\\Khaleed file\\todoList\\To-Do-list\\src\\module\\addremove.js","statementMap":{"0":{"start":{"line":1,"column":12},"end":{"line":12,"column":1}},"1":{"start":{"line":2,"column":18},"end":{"line":2,"column":52}},"2":{"start":{"line":3,"column":2},"end":{"line":10,"column":3}},"3":{"start":{"line":4,"column":23},"end":{"line":4,"column":75}},"4":{"start":{"line":5,"column":4},"end":{"line":5,"column":70}},"5":{"start":{"line":6,"column":4},"end":{"line":8,"column":5}},"6":{"start":{"line":6,"column":17},"end":{"line":6,"column":18}},"7":{"start":{"line":7,"column":6},"end":{"line":7,"column":34}},"8":{"start":{"line":9,"column":4},"end":{"line":9,"column":67}},"9":{"start":{"line":11,"column":2},"end":{"line":11,"column":21}},"10":{"start":{"line":14,"column":15},"end":{"line":26,"column":1}},"11":{"start":{"line":15,"column":21},"end":{"line":15,"column":73}},"12":{"start":{"line":17,"column":2},"end":{"line":25,"column":3}},"13":{"start":{"line":18,"column":4},"end":{"line":18,"column":32}},"14":{"start":{"line":20,"column":4},"end":{"line":22,"column":5}},"15":{"start":{"line":20,"column":17},"end":{"line":20,"column":18}},"16":{"start":{"line":21,"column":6},"end":{"line":21,"column":34}},"17":{"start":{"line":24,"column":4},"end":{"line":24,"column":67}},"18":{"start":{"line":28,"column":13},"end":{"line":35,"column":1}},"19":{"start":{"line":29,"column":21},"end":{"line":29,"column":73}},"20":{"start":{"line":30,"column":21},"end":{"line":30,"column":61}},"21":{"start":{"line":31,"column":2},"end":{"line":34,"column":5}},"22":{"start":{"line":32,"column":4},"end":{"line":32,"column":60}},"23":{"start":{"line":33,"column":4},"end":{"line":33,"column":67}},"24":{"start":{"line":37,"column":13},"end":{"line":46,"column":1}},"25":{"start":{"line":38,"column":21},"end":{"line":38,"column":73}},"26":{"start":{"line":39,"column":21},"end":{"line":39,"column":42}},"27":{"start":{"line":40,"column":2},"end":{"line":40,"column":34}},"28":{"start":{"line":41,"column":2},"end":{"line":41,"column":44}},"29":{"start":{"line":42,"column":2},"end":{"line":44,"column":3}},"30":{"start":{"line":42,"column":15},"end":{"line":42,"column":16}},"31":{"start":{"line":43,"column":4},"end":{"line":43,"column":32}},"32":{"start":{"line":45,"column":2},"end":{"line":45,"column":65}},"33":{"start":{"line":48,"column":15},"end":{"line":75,"column":1}},"34":{"start":{"line":49,"column":25},"end":{"line":49,"column":66}},"35":{"start":{"line":50,"column":21},"end":{"line":50,"column":73}},"36":{"start":{"line":51,"column":2},"end":{"line":51,"column":47}},"37":{"start":{"line":51,"column":28},"end":{"line":51,"column":45}},"38":{"start":{"line":52,"column":2},"end":{"line":52,"column":32}},"39":{"start":{"line":54,"column":16},"end":{"line":54,"column":18}},"40":{"start":{"line":55,"column":15},"end":{"line":55,"column":17}},"41":{"start":{"line":56,"column":2},"end":{"line":74,"column":3}},"42":{"start":{"line":56,"column":15},"end":{"line":56,"column":16}},"43":{"start":{"line":57,"column":4},"end":{"line":63,"column":5}},"44":{"start":{"line":58,"column":6},"end":{"line":58,"column":26}},"45":{"start":{"line":59,"column":6},"end":{"line":59,"column":32}},"46":{"start":{"line":61,"column":6},"end":{"line":61,"column":19}},"47":{"start":{"line":62,"column":6},"end":{"line":62,"column":18}},"48":{"start":{"line":64,"column":17},"end":{"line":72,"column":5}},"49":{"start":{"line":73,"column":4},"end":{"line":73,"column":37}},"50":{"start":{"line":77,"column":0},"end":{"line":79,"column":2}}},"fnMap":{"0":{"name":"(anonymous_0)","decl":{"start":{"line":1,"column":12},"end":{"line":1,"column":13}},"loc":{"start":{"line":1,"column":18},"end":{"line":12,"column":1}},"line":1},"1":{"name":"(anonymous_1)","decl":{"start":{"line":14,"column":15},"end":{"line":14,"column":16}},"loc":{"start":{"line":14,"column":26},"end":{"line":26,"column":1}},"line":14},"2":{"name":"(anonymous_2)","decl":{"start":{"line":28,"column":13},"end":{"line":28,"column":14}},"loc":{"start":{"line":28,"column":24},"end":{"line":35,"column":1}},"line":28},"3":{"name":"(anonymous_3)","decl":{"start":{"line":31,"column":47},"end":{"line":31,"column":48}},"loc":{"start":{"line":31,"column":53},"end":{"line":34,"column":3}},"line":31},"4":{"name":"(anonymous_4)","decl":{"start":{"line":37,"column":13},"end":{"line":37,"column":14}},"loc":{"start":{"line":37,"column":37},"end":{"line":46,"column":1}},"line":37},"5":{"name":"(anonymous_5)","decl":{"start":{"line":48,"column":15},"end":{"line":48,"column":16}},"loc":{"start":{"line":48,"column":21},"end":{"line":75,"column":1}},"line":48},"6":{"name":"(anonymous_6)","decl":{"start":{"line":51,"column":18},"end":{"line":51,"column":19}},"loc":{"start":{"line":51,"column":28},"end":{"line":51,"column":45}},"line":51}},"branchMap":{"0":{"loc":{"start":{"line":3,"column":2},"end":{"line":10,"column":3}},"type":"if","locations":[{"start":{"line":3,"column":2},"end":{"line":10,"column":3}},{"start":{},"end":{}}],"line":3},"1":{"loc":{"start":{"line":4,"column":23},"end":{"line":4,"column":75}},"type":"binary-expr","locations":[{"start":{"line":4,"column":23},"end":{"line":4,"column":69}},{"start":{"line":4,"column":73},"end":{"line":4,"column":75}}],"line":4},"2":{"loc":{"start":{"line":15,"column":21},"end":{"line":15,"column":73}},"type":"binary-expr","locations":[{"start":{"line":15,"column":21},"end":{"line":15,"column":67}},{"start":{"line":15,"column":71},"end":{"line":15,"column":73}}],"line":15},"3":{"loc":{"start":{"line":17,"column":2},"end":{"line":25,"column":3}},"type":"if","locations":[{"start":{"line":17,"column":2},"end":{"line":25,"column":3}},{"start":{},"end":{}}],"line":17},"4":{"loc":{"start":{"line":17,"column":6},"end":{"line":17,"column":45}},"type":"binary-expr","locations":[{"start":{"line":17,"column":6},"end":{"line":17,"column":16}},{"start":{"line":17,"column":20},"end":{"line":17,"column":45}}],"line":17},"5":{"loc":{"start":{"line":29,"column":21},"end":{"line":29,"column":73}},"type":"binary-expr","locations":[{"start":{"line":29,"column":21},"end":{"line":29,"column":67}},{"start":{"line":29,"column":71},"end":{"line":29,"column":73}}],"line":29},"6":{"loc":{"start":{"line":38,"column":21},"end":{"line":38,"column":73}},"type":"binary-expr","locations":[{"start":{"line":38,"column":21},"end":{"line":38,"column":67}},{"start":{"line":38,"column":71},"end":{"line":38,"column":73}}],"line":38},"7":{"loc":{"start":{"line":50,"column":21},"end":{"line":50,"column":73}},"type":"binary-expr","locations":[{"start":{"line":50,"column":21},"end":{"line":50,"column":67}},{"start":{"line":50,"column":71},"end":{"line":50,"column":73}}],"line":50},"8":{"loc":{"start":{"line":57,"column":4},"end":{"line":63,"column":5}},"type":"if","locations":[{"start":{"line":57,"column":4},"end":{"line":63,"column":5}},{"start":{"line":60,"column":11},"end":{"line":63,"column":5}}],"line":57}},"s":{"0":1,"1":2,"2":2,"3":1,"4":1,"5":1,"6":1,"7":1,"8":1,"9":2,"10":1,"11":2,"12":2,"13":2,"14":2,"15":2,"16":4,"17":2,"18":1,"19":0,"20":0,"21":0,"22":0,"23":0,"24":1,"25":0,"26":0,"27":0,"28":0,"29":0,"30":0,"31":0,"32":0,"33":1,"34":0,"35":0,"36":0,"37":0,"38":0,"39":0,"40":0,"41":0,"42":0,"43":0,"44":0,"45":0,"46":0,"47":0,"48":0,"49":0,"50":1},"f":{"0":2,"1":2,"2":0,"3":0,"4":0,"5":0,"6":0},"b":{"0":[1,1],"1":[1,1],"2":[2,0],"3":[2,0],"4":[2,2],"5":[0,0],"6":[0,0],"7":[0,0],"8":[0,0]},"_coverageSchema":"1a1c01bbd47fc00a2c39e90264f33305004495a9","hash":"4155b03d6e7af81835e1070601784446e316905c"}
}
